<?xml version="1.0" encoding="UTF-8"?>
<!-- Generated by org.testng.reporters.JUnitReportReporter -->
<testsuite hostname="DESKTOP-GIABMQJ" failures="0" tests="5" name="com.testNGprogram.TestDemo1Test" time="0.026" errors="0" timestamp="2023-05-28T16:46:22 IST" skipped="2">
  <testcase classname="com.testNGprogram.TestDemo1Test" name="DemoTest2" time="0.002"/>
  <system-out/>
  <testcase classname="com.testNGprogram.TestDemo1Test" name="DemoTest3" time="0.006"/>
  <system-out/>
  <testcase classname="com.testNGprogram.TestDemo1Test" name="DemoTest1" time="0.018"/>
  <system-out/>
  <testcase classname="com.testNGprogram.TestDemo1Test" name="DemoTest">
    <skipped/>
  </testcase> <!-- DemoTest -->
  <system-out/>
  <testcase classname="com.testNGprogram.TestDemo1Test" name="DemoTest4">
    <skipped/>
  </testcase> <!-- DemoTest4 -->
  <system-out/>
</testsuite> <!-- com.testNGprogram.TestDemo1Test -->
