<?xml version="1.0" encoding="UTF-8"?>
<!-- Generated by org.testng.reporters.JUnitReportReporter -->
<testsuite hostname="DESKTOP-GIABMQJ" failures="0" tests="10" name="com.testNGprogram.TestDemoTest" time="0.085" errors="0" timestamp="2023-05-28T16:40:51 IST" skipped="0">
  <testcase classname="com.testNGprogram.TestDemoTest" name="DemoTest" time="0.011"/>
  <system-out/>
  <testcase classname="com.testNGprogram.TestDemoTest" name="DemoTest" time="0.011"/>
  <system-out/>
  <testcase classname="com.testNGprogram.TestDemoTest" name="DemoTest" time="0.007"/>
  <system-out/>
  <testcase classname="com.testNGprogram.TestDemoTest" name="DemoTest" time="0.005"/>
  <system-out/>
  <testcase classname="com.testNGprogram.TestDemoTest" name="DemoTest" time="0.003"/>
  <system-out/>
  <testcase classname="com.testNGprogram.TestDemoTest" name="DemoTest" time="0.025"/>
  <system-out/>
  <testcase classname="com.testNGprogram.TestDemoTest" name="DemoTest" time="0.007"/>
  <system-out/>
  <testcase classname="com.testNGprogram.TestDemoTest" name="DemoTest" time="0.003"/>
  <system-out/>
  <testcase classname="com.testNGprogram.TestDemoTest" name="DemoTest" time="0.006"/>
  <system-out/>
  <testcase classname="com.testNGprogram.TestDemoTest" name="DemoTest" time="0.007"/>
  <system-out/>
</testsuite> <!-- com.testNGprogram.TestDemoTest -->
