<?xml version="1.0" encoding="UTF-8"?>
<!-- Generated by org.testng.reporters.JUnitReportReporter -->
<testsuite hostname="DESKTOP-GIABMQJ" failures="0" tests="1" name="com.testNGprogram.UpdateEmployeeDetails" time="0.024" errors="0" timestamp="2023-05-28T14:40:07 IST" skipped="0">
  <testcase classname="com.testNGprogram.UpdateEmployeeDetails" name="Updateemployeedata" time="0.024"/>
  <system-out/>
</testsuite> <!-- com.testNGprogram.UpdateEmployeeDetails -->
