<?xml version="1.0" encoding="UTF-8"?>
<!-- Generated by org.testng.reporters.JUnitReportReporter -->
<testsuite hostname="DESKTOP-GIABMQJ" failures="0" tests="1" name="com.testNGprogram.Test3Test" time="0.021" errors="0" timestamp="2023-05-28T14:04:10 IST" skipped="0">
  <testcase classname="com.testNGprogram.Test3Test" name="Testmethod3" time="0.021"/>
  <system-out/>
</testsuite> <!-- com.testNGprogram.Test3Test -->
