<?xml version="1.0" encoding="UTF-8"?>
<!-- Generated by org.testng.reporters.JUnitReportReporter -->
<testsuite hostname="DESKTOP-GIABMQJ" failures="0" tests="1" name="com.testNGprogram.Test4Test" time="0.006" errors="0" timestamp="2023-05-28T14:33:20 IST" skipped="0">
  <testcase classname="com.testNGprogram.Test4Test" name="Testmethod4" time="0.006"/>
  <system-out/>
</testsuite> <!-- com.testNGprogram.Test4Test -->
