<?xml version="1.0" encoding="UTF-8"?>
<!-- Generated by org.testng.reporters.JUnitReportReporter -->
<testsuite hostname="DESKTOP-GIABMQJ" failures="0" tests="3" name="com.testNGprogram.ExcelData" time="1.658" errors="0" timestamp="2023-05-29T15:52:54 IST" skipped="0">
  <testcase classname="com.testNGprogram.ExcelData" name="createData" time="0.314"/>
  <system-out/>
  <testcase classname="com.testNGprogram.ExcelData" name="Readexceldata" time="1.278"/>
  <system-out/>
  <testcase classname="com.testNGprogram.ExcelData" name="getcountofTestcase" time="0.066"/>
  <system-out/>
</testsuite> <!-- com.testNGprogram.ExcelData -->
