<?xml version="1.0" encoding="UTF-8"?>
<!-- Generated by org.testng.reporters.JUnitReportReporter -->
<testsuite hostname="DESKTOP-GIABMQJ" failures="0" tests="1" name="com.testNGprogram.Parallel1" time="10.514" errors="0" timestamp="2023-05-28T17:36:44 IST" skipped="0">
  <testcase classname="com.testNGprogram.Parallel1" name="ParallelTest1" time="10.514"/>
  <system-out/>
</testsuite> <!-- com.testNGprogram.Parallel1 -->
