<?xml version="1.0" encoding="UTF-8"?>
<!-- Generated by org.testng.reporters.JUnitReportReporter -->
<testsuite hostname="DESKTOP-GIABMQJ" failures="0" tests="2" name="com.testNGprogram.CreateEmployee" time="0.021" errors="0" timestamp="2023-05-28T14:49:14 IST" skipped="0">
  <testcase classname="com.testNGprogram.CreateEmployee" name="VCreateemployeedata" time="0.020"/>
  <system-out/>
  <testcase classname="com.testNGprogram.CreateEmployee" name="Updateemployeedata" time="0.001"/>
  <system-out/>
</testsuite> <!-- com.testNGprogram.CreateEmployee -->
