<?xml version="1.0" encoding="UTF-8"?>
<!-- Generated by org.testng.reporters.JUnitReportReporter -->
<testsuite hostname="DESKTOP-GIABMQJ" failures="0" tests="3" name="com.testNGprogram.PriorityTestCases" time="0.024" errors="0" timestamp="2023-05-28T14:56:40 IST" skipped="0">
  <testcase classname="com.testNGprogram.PriorityTestCases" name="Groupmethod2" time="0.020"/>
  <system-out/>
  <testcase classname="com.testNGprogram.PriorityTestCases" name="Groupmethod3" time="0.001"/>
  <system-out/>
  <testcase classname="com.testNGprogram.PriorityTestCases" name="Groupmethod1" time="0.003"/>
  <system-out/>
</testsuite> <!-- com.testNGprogram.PriorityTestCases -->
