<?xml version="1.0" encoding="UTF-8"?>
<!-- Generated by org.testng.reporters.JUnitReportReporter -->
<testsuite hostname="DESKTOP-GIABMQJ" failures="0" tests="2" name="com.testNGprogram.Test1" time="0.028" errors="0" timestamp="2023-05-23T16:01:43 IST" skipped="0">
  <testcase classname="com.testNGprogram.Test1" name="testmethod" time="0.021"/>
  <system-out/>
  <testcase classname="com.testNGprogram.Test1" name="testmethod1" time="0.007"/>
  <system-out/>
</testsuite> <!-- com.testNGprogram.Test1 -->
