<?xml version="1.0" encoding="UTF-8"?>
<!-- Generated by org.testng.reporters.JUnitReportReporter -->
<testsuite hostname="DESKTOP-GIABMQJ" failures="0" tests="2" name="com.testNGprogram.Test2Test" time="0.015" errors="0" timestamp="2023-05-28T14:04:10 IST" skipped="0">
  <testcase classname="com.testNGprogram.Test2Test" name="Testmethod2Test" time="0.008"/>
  <system-out/>
  <testcase classname="com.testNGprogram.Test2Test" name="GTestmethod1Test" time="0.007"/>
  <system-out/>
</testsuite> <!-- com.testNGprogram.Test2Test -->
