<?xml version="1.0" encoding="UTF-8"?>
<!-- Generated by org.testng.reporters.JUnitReportReporter -->
<testsuite hostname="DESKTOP-GIABMQJ" failures="0" tests="2" name="com.testNGprogram.Group2" time="0.007" errors="0" timestamp="2023-05-28T14:33:20 IST" skipped="0">
  <testcase classname="com.testNGprogram.Group2" name="Groupmethod1" time="0.004"/>
  <system-out/>
  <testcase classname="com.testNGprogram.Group2" name="Groupmethod3" time="0.003"/>
  <system-out/>
</testsuite> <!-- com.testNGprogram.Group2 -->
